  [1m[35m (351.7ms)[0m  [1m[35mCREATE DATABASE "nintyninecats_development" ENCODING = 'unicode'[0m
  ↳ bin/rails:9
  [1m[35m (249.0ms)[0m  [1m[35mCREATE DATABASE "nintyninecats_test" ENCODING = 'unicode'[0m
  ↳ bin/rails:9
  [1m[35m (8.1ms)[0m  [1m[35mCREATE TABLE "schema_migrations" ("version" character varying NOT NULL PRIMARY KEY)[0m
  ↳ bin/rails:9
  [1m[35m (4.3ms)[0m  [1m[35mCREATE TABLE "ar_internal_metadata" ("key" character varying NOT NULL PRIMARY KEY, "value" character varying, "created_at" timestamp NOT NULL, "updated_at" timestamp NOT NULL)[0m
  ↳ bin/rails:9
  [1m[35m (0.2ms)[0m  [1m[34mSELECT pg_try_advisory_lock(7771180447674950880)[0m
  ↳ bin/rails:9
  [1m[35m (0.8ms)[0m  [1m[34mSELECT "schema_migrations"."version" FROM "schema_migrations" ORDER BY "schema_migrations"."version" ASC[0m
  ↳ bin/rails:9
Migrating to CreateCats (20191122195555)
  [1m[35m (0.4ms)[0m  [1m[34mSELECT pg_advisory_unlock(7771180447674950880)[0m
  ↳ bin/rails:9
  [1m[35m (0.3ms)[0m  [1m[34mSELECT pg_try_advisory_lock(7771180447674950880)[0m
  ↳ bin/rails:9
  [1m[35m (1.1ms)[0m  [1m[34mSELECT "schema_migrations"."version" FROM "schema_migrations" ORDER BY "schema_migrations"."version" ASC[0m
  ↳ bin/rails:9
Migrating to CreateCats (20191122195555)
  [1m[35m (0.3ms)[0m  [1m[35mBEGIN[0m
  ↳ bin/rails:9
  [1m[35m (8.0ms)[0m  [1m[35mCREATE TABLE "cats" ("id" bigserial primary key, "birth_date" date NOT NULL, "color" character varying NOT NULL, "name" character varying NOT NULL, "sex" character varying(1) NOT NULL, "description" text NOT NULL, "created_at" timestamp NOT NULL, "updated_at" timestamp NOT NULL)[0m
  ↳ db/migrate/20191122195555_create_cats.rb:3
  [1m[36mActiveRecord::SchemaMigration Create (0.7ms)[0m  [1m[32mINSERT INTO "schema_migrations" ("version") VALUES ($1) RETURNING "version"[0m  [["version", "20191122195555"]]
  ↳ bin/rails:9
  [1m[35m (1.1ms)[0m  [1m[35mCOMMIT[0m
  ↳ bin/rails:9
  [1m[36mActiveRecord::InternalMetadata Load (0.7ms)[0m  [1m[34mSELECT  "ar_internal_metadata".* FROM "ar_internal_metadata" WHERE "ar_internal_metadata"."key" = $1 LIMIT $2[0m  [["key", "environment"], ["LIMIT", 1]]
  ↳ bin/rails:9
  [1m[35m (0.2ms)[0m  [1m[35mBEGIN[0m
  ↳ bin/rails:9
  [1m[36mActiveRecord::InternalMetadata Create (0.7ms)[0m  [1m[32mINSERT INTO "ar_internal_metadata" ("key", "value", "created_at", "updated_at") VALUES ($1, $2, $3, $4) RETURNING "key"[0m  [["key", "environment"], ["value", "development"], ["created_at", "2019-11-22 20:17:17.492971"], ["updated_at", "2019-11-22 20:17:17.492971"]]
  ↳ bin/rails:9
  [1m[35m (0.4ms)[0m  [1m[35mCOMMIT[0m
  ↳ bin/rails:9
  [1m[35m (0.3ms)[0m  [1m[34mSELECT pg_advisory_unlock(7771180447674950880)[0m
  ↳ bin/rails:9
  [1m[35m (0.5ms)[0m  [1m[34mSELECT "schema_migrations"."version" FROM "schema_migrations" ORDER BY "schema_migrations"."version" ASC[0m
  ↳ bin/rails:9
Started GET "/" for ::1 at 2019-11-22 14:36:36 -0800
  [1m[35m (1.1ms)[0m  [1m[34mSELECT "schema_migrations"."version" FROM "schema_migrations" ORDER BY "schema_migrations"."version" ASC[0m
  ↳ /Users/appacademy/.rbenv/versions/2.5.1/lib/ruby/gems/2.5.0/gems/activerecord-5.2.3/lib/active_record/log_subscriber.rb:98
Processing by Rails::WelcomeController#index as HTML
  Rendering /Users/appacademy/.rbenv/versions/2.5.1/lib/ruby/gems/2.5.0/gems/railties-5.2.3/lib/rails/templates/rails/welcome/index.html.erb
  Rendered /Users/appacademy/.rbenv/versions/2.5.1/lib/ruby/gems/2.5.0/gems/railties-5.2.3/lib/rails/templates/rails/welcome/index.html.erb (5.2ms)
Completed 200 OK in 21ms (Views: 14.7ms | ActiveRecord: 0.0ms)


Started GET "/cats" for ::1 at 2019-11-22 14:36:44 -0800

NameError - uninitialized constant CatsController:

Started POST "/__better_errors/36858d0b0eb4f0c3/variables" for ::1 at 2019-11-22 14:36:45 -0800
Started GET "/cats/new" for ::1 at 2019-11-22 14:37:01 -0800

NameError - uninitialized constant CatsController:

Started POST "/__better_errors/d450e00ae6acb471/variables" for ::1 at 2019-11-22 14:37:01 -0800
Started GET "/cat/new" for ::1 at 2019-11-22 14:38:17 -0800
  
ActionController::RoutingError (No route matches [GET] "/cat/new"):
  
actionpack (5.2.3) lib/action_dispatch/middleware/debug_exceptions.rb:65:in `call'
web-console (3.7.0) lib/web_console/middleware.rb:135:in `call_app'
web-console (3.7.0) lib/web_console/middleware.rb:30:in `block in call'
web-console (3.7.0) lib/web_console/middleware.rb:20:in `catch'
web-console (3.7.0) lib/web_console/middleware.rb:20:in `call'
actionpack (5.2.3) lib/action_dispatch/middleware/show_exceptions.rb:33:in `call'
railties (5.2.3) lib/rails/rack/logger.rb:38:in `call_app'
railties (5.2.3) lib/rails/rack/logger.rb:26:in `block in call'
activesupport (5.2.3) lib/active_support/tagged_logging.rb:71:in `block in tagged'
activesupport (5.2.3) lib/active_support/tagged_logging.rb:28:in `tagged'
activesupport (5.2.3) lib/active_support/tagged_logging.rb:71:in `tagged'
railties (5.2.3) lib/rails/rack/logger.rb:26:in `call'
sprockets-rails (3.2.1) lib/sprockets/rails/quiet_assets.rb:13:in `call'
actionpack (5.2.3) lib/action_dispatch/middleware/remote_ip.rb:81:in `call'
actionpack (5.2.3) lib/action_dispatch/middleware/request_id.rb:27:in `call'
rack (2.0.7) lib/rack/method_override.rb:22:in `call'
rack (2.0.7) lib/rack/runtime.rb:22:in `call'
activesupport (5.2.3) lib/active_support/cache/strategy/local_cache_middleware.rb:29:in `call'
actionpack (5.2.3) lib/action_dispatch/middleware/executor.rb:14:in `call'
actionpack (5.2.3) lib/action_dispatch/middleware/static.rb:127:in `call'
rack (2.0.7) lib/rack/sendfile.rb:111:in `call'
railties (5.2.3) lib/rails/engine.rb:524:in `call'
puma (3.12.1) lib/puma/configuration.rb:227:in `call'
puma (3.12.1) lib/puma/server.rb:660:in `handle_request'
puma (3.12.1) lib/puma/server.rb:474:in `process_client'
puma (3.12.1) lib/puma/server.rb:334:in `block in run'
puma (3.12.1) lib/puma/thread_pool.rb:135:in `block in spawn_thread'
Started GET "/cats/new" for ::1 at 2019-11-22 14:38:52 -0800

NameError - uninitialized constant CatsController:

Started POST "/__better_errors/4a713e6ca2d7e507/variables" for ::1 at 2019-11-22 14:38:53 -0800
Started GET "/cats/" for ::1 at 2019-11-22 14:39:07 -0800

NameError - uninitialized constant CatsController:

Started POST "/__better_errors/1b8356091610efbb/variables" for ::1 at 2019-11-22 14:39:07 -0800
Started POST "/__better_errors/1b8356091610efbb/eval" for ::1 at 2019-11-22 14:42:57 -0800
Started GET "/cats/" for ::1 at 2019-11-22 14:43:11 -0800
Processing by CatsController#index as HTML
Completed 500 Internal Server Error in 6ms (ActiveRecord: 0.0ms)



ActionView::MissingTemplate - Missing template cats/index, application/index with {:locale=>[:en], :formats=>[:html], :variants=>[], :handlers=>[:raw, :erb, :html, :builder, :ruby, :coffee, :jbuilder]}. Searched in:
  * "/Users/appacademy/Desktop/nintyninecats/app/views"
:
  app/controllers/cats_controller.rb:4:in `index'

Started POST "/__better_errors/188cd165539133a6/variables" for ::1 at 2019-11-22 14:43:11 -0800
  [1m[36mCat Load (1.8ms)[0m  [1m[34mSELECT  "cats".* FROM "cats" LIMIT $1[0m  [["LIMIT", 11]]
  ↳ /Users/appacademy/.rbenv/versions/2.5.1/lib/ruby/gems/2.5.0/gems/activerecord-5.2.3/lib/active_record/log_subscriber.rb:98
  [1m[36mCACHE Cat Load (0.0ms)[0m  [1m[34mSELECT  "cats".* FROM "cats" LIMIT $1[0m  [["LIMIT", 11]]
  ↳ /Users/appacademy/.rbenv/versions/2.5.1/lib/ruby/gems/2.5.0/gems/activerecord-5.2.3/lib/active_record/log_subscriber.rb:98
  [1m[36mCACHE Cat Load (0.0ms)[0m  [1m[34mSELECT  "cats".* FROM "cats" LIMIT $1[0m  [["LIMIT", 11]]
  ↳ /Users/appacademy/.rbenv/versions/2.5.1/lib/ruby/gems/2.5.0/gems/activerecord-5.2.3/lib/active_record/log_subscriber.rb:98
Started GET "/cats/" for ::1 at 2019-11-22 14:43:27 -0800
Processing by CatsController#index as HTML
  Rendering cats/index.html.erb within layouts/application
  Rendered cats/index.html.erb within layouts/application (5.9ms)
Completed 500 Internal Server Error in 15ms (ActiveRecord: 0.0ms)



NoMethodError - undefined method `each' for nil:NilClass:
  app/views/cats/index.html.erb:3:in `_app_views_cats_index_html_erb__4513553429245910732_70335968675180'
  app/controllers/cats_controller.rb:4:in `index'

Started POST "/__better_errors/9bacd88eb25e434b/variables" for ::1 at 2019-11-22 14:43:27 -0800
  [1m[36mCat Load (2.2ms)[0m  [1m[34mSELECT  "cats".* FROM "cats" LIMIT $1[0m  [["LIMIT", 11]]
  ↳ /Users/appacademy/.rbenv/versions/2.5.1/lib/ruby/gems/2.5.0/gems/activerecord-5.2.3/lib/active_record/log_subscriber.rb:98
  [1m[36mCACHE Cat Load (0.0ms)[0m  [1m[34mSELECT  "cats".* FROM "cats" LIMIT $1[0m  [["LIMIT", 11]]
  ↳ /Users/appacademy/.rbenv/versions/2.5.1/lib/ruby/gems/2.5.0/gems/activerecord-5.2.3/lib/active_record/log_subscriber.rb:98
  [1m[36mCACHE Cat Load (0.0ms)[0m  [1m[34mSELECT  "cats".* FROM "cats" LIMIT $1[0m  [["LIMIT", 11]]
  ↳ /Users/appacademy/.rbenv/versions/2.5.1/lib/ruby/gems/2.5.0/gems/activerecord-5.2.3/lib/active_record/log_subscriber.rb:98
Started GET "/cats/" for ::1 at 2019-11-22 14:43:27 -0800
  [1m[36mCACHE Cat Load (0.0ms)[0m  [1m[34mSELECT  "cats".* FROM "cats" LIMIT $1[0m  [["LIMIT", 11]]
  ↳ /Users/appacademy/.rbenv/versions/2.5.1/lib/ruby/gems/2.5.0/gems/activerecord-5.2.3/lib/active_record/log_subscriber.rb:98
Processing by CatsController#index as HTML
  Rendering cats/index.html.erb within layouts/application
  Rendered cats/index.html.erb within layouts/application (7.6ms)
Completed 500 Internal Server Error in 15ms (ActiveRecord: 0.0ms)



NoMethodError - undefined method `each' for nil:NilClass:
  app/views/cats/index.html.erb:3:in `_app_views_cats_index_html_erb__4513553429245910732_70335979428220'
  app/controllers/cats_controller.rb:4:in `index'

Started POST "/__better_errors/f0cbf4502a72a72f/variables" for ::1 at 2019-11-22 14:43:28 -0800
  [1m[36mCat Load (0.6ms)[0m  [1m[34mSELECT  "cats".* FROM "cats" LIMIT $1[0m  [["LIMIT", 11]]
  ↳ /Users/appacademy/.rbenv/versions/2.5.1/lib/ruby/gems/2.5.0/gems/activerecord-5.2.3/lib/active_record/log_subscriber.rb:98
  [1m[36mCACHE Cat Load (0.0ms)[0m  [1m[34mSELECT  "cats".* FROM "cats" LIMIT $1[0m  [["LIMIT", 11]]
  ↳ /Users/appacademy/.rbenv/versions/2.5.1/lib/ruby/gems/2.5.0/gems/activerecord-5.2.3/lib/active_record/log_subscriber.rb:98
  [1m[36mCACHE Cat Load (0.0ms)[0m  [1m[34mSELECT  "cats".* FROM "cats" LIMIT $1[0m  [["LIMIT", 11]]
  ↳ /Users/appacademy/.rbenv/versions/2.5.1/lib/ruby/gems/2.5.0/gems/activerecord-5.2.3/lib/active_record/log_subscriber.rb:98
  [1m[36mCACHE Cat Load (0.0ms)[0m  [1m[34mSELECT  "cats".* FROM "cats" LIMIT $1[0m  [["LIMIT", 11]]
  ↳ /Users/appacademy/.rbenv/versions/2.5.1/lib/ruby/gems/2.5.0/gems/activerecord-5.2.3/lib/active_record/log_subscriber.rb:98
Started GET "/cats/" for ::1 at 2019-11-22 14:44:09 -0800
Processing by CatsController#index as HTML
  Rendering cats/index.html.erb within layouts/application
  [1m[36mCat Load (0.5ms)[0m  [1m[34mSELECT "cats".* FROM "cats"[0m
  ↳ app/views/cats/index.html.erb:3
  Rendered cats/index.html.erb within layouts/application (8.2ms)
Completed 200 OK in 643ms (Views: 631.7ms | ActiveRecord: 5.7ms)


Started GET "/cats/new" for ::1 at 2019-11-22 14:44:17 -0800
Processing by CatsController#new as HTML
  Rendering cats/new.html.erb within layouts/application
  Rendered cats/new.html.erb within layouts/application (1.2ms)
Completed 200 OK in 16ms (Views: 13.7ms | ActiveRecord: 0.0ms)


Started POST "/cats" for ::1 at 2019-11-22 14:46:44 -0800
Processing by CatsController#create as HTML
  Parameters: {"cat"=>{"name"=>"Julius", "birth_date"=>"2019-11-04", "color"=>"black", "sex"=>"M", "description"=>"Very friendly cat!"}}
Can't verify CSRF token authenticity.
Completed 422 Unprocessable Entity in 1ms (ActiveRecord: 0.0ms)



ActionController::InvalidAuthenticityToken - ActionController::InvalidAuthenticityToken:

Started POST "/__better_errors/af89fd9cfc21d534/variables" for ::1 at 2019-11-22 14:46:44 -0800
Started POST "/cats" for ::1 at 2019-11-22 14:50:03 -0800
  [1m[35m (1.3ms)[0m  [1m[34mSELECT "schema_migrations"."version" FROM "schema_migrations" ORDER BY "schema_migrations"."version" ASC[0m
  ↳ /Users/appacademy/.rbenv/versions/2.5.1/lib/ruby/gems/2.5.0/gems/activerecord-5.2.3/lib/active_record/log_subscriber.rb:98
Processing by CatsController#create as HTML
  Parameters: {"cat"=>{"name"=>"Julius", "birth_date"=>"2019-11-04", "color"=>"black", "sex"=>"M", "description"=>"Very friendly cat!"}}
  [1m[35m (0.2ms)[0m  [1m[35mBEGIN[0m
  ↳ app/controllers/cats_controller.rb:14
  [1m[36mCat Create (1.8ms)[0m  [1m[32mINSERT INTO "cats" ("birth_date", "color", "name", "sex", "description", "created_at", "updated_at") VALUES ($1, $2, $3, $4, $5, $6, $7) RETURNING "id"[0m  [["birth_date", "2019-11-04"], ["color", "black"], ["name", "Julius"], ["sex", "M"], ["description", "Very friendly cat!"], ["created_at", "2019-11-22 22:50:03.647278"], ["updated_at", "2019-11-22 22:50:03.647278"]]
  ↳ app/controllers/cats_controller.rb:14
  [1m[35m (0.7ms)[0m  [1m[35mCOMMIT[0m
  ↳ app/controllers/cats_controller.rb:14
Redirected to http://localhost:3000/cats/1
Completed 302 Found in 34ms (ActiveRecord: 12.3ms)


Started GET "/cats/1" for ::1 at 2019-11-22 14:50:03 -0800
Processing by CatsController#show as HTML
  Parameters: {"id"=>"1"}
  [1m[36mCat Load (0.7ms)[0m  [1m[34mSELECT  "cats".* FROM "cats" WHERE "cats"."id" = $1 LIMIT $2[0m  [["id", 1], ["LIMIT", 1]]
  ↳ app/controllers/cats_controller.rb:8
  Rendering cats/show.html.erb within layouts/application
  Rendered cats/show.html.erb within layouts/application (275.7ms)
Completed 500 Internal Server Error in 291ms (ActiveRecord: 1.0ms)



NameError - undefined local variable or method `cat' for #<#<Class:0x00007fdd4f20b370>:0x00007fdd4c5a7900>
Did you mean?  @cat:
  app/views/cats/show.html.erb:10:in `_app_views_cats_show_html_erb__143142560886919361_70294224843800'
  app/controllers/cats_controller.rb:9:in `show'

Started POST "/__better_errors/5e7ba50eeeaaa6f2/variables" for ::1 at 2019-11-22 14:50:04 -0800
Started GET "/cats/1" for ::1 at 2019-11-22 14:50:40 -0800
Processing by CatsController#show as HTML
  Parameters: {"id"=>"1"}
  [1m[36mCat Load (0.5ms)[0m  [1m[34mSELECT  "cats".* FROM "cats" WHERE "cats"."id" = $1 LIMIT $2[0m  [["id", 1], ["LIMIT", 1]]
  ↳ app/controllers/cats_controller.rb:8
  Rendering cats/show.html.erb within layouts/application
  Rendered cats/show.html.erb within layouts/application (11.0ms)
Completed 500 Internal Server Error in 19ms (ActiveRecord: 0.5ms)



NoMethodError - undefined method `age' for #<Cat:0x00007fdd5159de78>:
  app/views/cats/show.html.erb:10:in `_app_views_cats_show_html_erb__143142560886919361_70294264668940'
  app/controllers/cats_controller.rb:9:in `show'

Started POST "/__better_errors/d41b2da818faa547/variables" for ::1 at 2019-11-22 14:50:40 -0800
Started GET "/cats/1" for ::1 at 2019-11-22 14:54:22 -0800
Processing by CatsController#show as HTML
  Parameters: {"id"=>"1"}
  [1m[36mCat Load (1.1ms)[0m  [1m[34mSELECT  "cats".* FROM "cats" WHERE "cats"."id" = $1 LIMIT $2[0m  [["id", 1], ["LIMIT", 1]]
  ↳ app/controllers/cats_controller.rb:8
  Rendering cats/show.html.erb within layouts/application
  Rendered cats/show.html.erb within layouts/application (1.2ms)
Completed 200 OK in 278ms (Views: 274.9ms | ActiveRecord: 1.1ms)


Started GET "/cats/new" for ::1 at 2019-11-22 14:54:44 -0800
Processing by CatsController#new as HTML
  Rendering cats/new.html.erb within layouts/application
  Rendered cats/new.html.erb within layouts/application (7.2ms)
Completed 200 OK in 37ms (Views: 33.7ms | ActiveRecord: 0.0ms)


Started POST "/cats" for ::1 at 2019-11-22 14:55:32 -0800
Processing by CatsController#create as HTML
  Parameters: {"cat"=>{"name"=>"Anne", "birth_date"=>"1900-12-25", "color"=>"white", "sex"=>"F", "description"=>"Old but still young at heart!"}}
  [1m[35m (0.2ms)[0m  [1m[35mBEGIN[0m
  ↳ app/controllers/cats_controller.rb:14
  [1m[36mCat Create (0.7ms)[0m  [1m[32mINSERT INTO "cats" ("birth_date", "color", "name", "sex", "description", "created_at", "updated_at") VALUES ($1, $2, $3, $4, $5, $6, $7) RETURNING "id"[0m  [["birth_date", "1900-12-25"], ["color", "white"], ["name", "Anne"], ["sex", "F"], ["description", "Old but still young at heart!"], ["created_at", "2019-11-22 22:55:32.634421"], ["updated_at", "2019-11-22 22:55:32.634421"]]
  ↳ app/controllers/cats_controller.rb:14
  [1m[35m (0.5ms)[0m  [1m[35mCOMMIT[0m
  ↳ app/controllers/cats_controller.rb:14
Redirected to http://localhost:3000/cats/2
Completed 302 Found in 5ms (ActiveRecord: 1.4ms)


Started GET "/cats/2" for ::1 at 2019-11-22 14:55:32 -0800
Processing by CatsController#show as HTML
  Parameters: {"id"=>"2"}
  [1m[36mCat Load (0.6ms)[0m  [1m[34mSELECT  "cats".* FROM "cats" WHERE "cats"."id" = $1 LIMIT $2[0m  [["id", 2], ["LIMIT", 1]]
  ↳ app/controllers/cats_controller.rb:8
  Rendering cats/show.html.erb within layouts/application
  Rendered cats/show.html.erb within layouts/application (0.9ms)
Completed 200 OK in 17ms (Views: 14.9ms | ActiveRecord: 0.6ms)


Started GET "/cats/" for ::1 at 2019-11-22 14:55:42 -0800
Processing by CatsController#index as HTML
  Rendering cats/index.html.erb within layouts/application
  [1m[36mCat Load (0.7ms)[0m  [1m[34mSELECT "cats".* FROM "cats"[0m
  ↳ app/views/cats/index.html.erb:3
  Rendered cats/index.html.erb within layouts/application (2.7ms)
Completed 200 OK in 19ms (Views: 18.3ms | ActiveRecord: 0.7ms)


Started GET "/cats/1/edit" for ::1 at 2019-11-22 15:06:44 -0800
Processing by CatsController#edit as HTML
  Parameters: {"id"=>"1"}
  [1m[36mCat Load (0.7ms)[0m  [1m[34mSELECT  "cats".* FROM "cats" WHERE "cats"."id" = $1 LIMIT $2[0m  [["id", 1], ["LIMIT", 1]]
  ↳ app/controllers/cats_controller.rb:22
  Rendering cats/edit.html.erb within layouts/application
  Rendered cats/edit.html.erb within layouts/application (0.9ms)
Completed 200 OK in 46ms (Views: 13.4ms | ActiveRecord: 15.4ms)


Started GET "/cats/1/edit" for ::1 at 2019-11-22 15:07:42 -0800
Processing by CatsController#edit as HTML
  Parameters: {"id"=>"1"}
  [1m[36mCat Load (0.8ms)[0m  [1m[34mSELECT  "cats".* FROM "cats" WHERE "cats"."id" = $1 LIMIT $2[0m  [["id", 1], ["LIMIT", 1]]
  ↳ app/controllers/cats_controller.rb:22
  Rendering cats/edit.html.erb within layouts/application
  Rendered cats/edit.html.erb within layouts/application (1.2ms)
Completed 200 OK in 15ms (Views: 12.6ms | ActiveRecord: 0.8ms)


Started GET "/cats/1/edit" for ::1 at 2019-11-22 15:07:43 -0800
Processing by CatsController#edit as HTML
  Parameters: {"id"=>"1"}
  [1m[36mCat Load (0.6ms)[0m  [1m[34mSELECT  "cats".* FROM "cats" WHERE "cats"."id" = $1 LIMIT $2[0m  [["id", 1], ["LIMIT", 1]]
  ↳ app/controllers/cats_controller.rb:22
  Rendering cats/edit.html.erb within layouts/application
  Rendered cats/edit.html.erb within layouts/application (0.8ms)
Completed 200 OK in 12ms (Views: 10.4ms | ActiveRecord: 0.6ms)


Started GET "/cats/1/edit" for ::1 at 2019-11-22 15:07:44 -0800
Processing by CatsController#edit as HTML
  Parameters: {"id"=>"1"}
  [1m[36mCat Load (0.5ms)[0m  [1m[34mSELECT  "cats".* FROM "cats" WHERE "cats"."id" = $1 LIMIT $2[0m  [["id", 1], ["LIMIT", 1]]
  ↳ app/controllers/cats_controller.rb:22
  Rendering cats/edit.html.erb within layouts/application
  Rendered cats/edit.html.erb within layouts/application (0.9ms)
Completed 200 OK in 11ms (Views: 9.8ms | ActiveRecord: 0.5ms)


Started GET "/cats/1/edit" for ::1 at 2019-11-22 15:07:44 -0800
Processing by CatsController#edit as HTML
  Parameters: {"id"=>"1"}
  [1m[36mCat Load (0.6ms)[0m  [1m[34mSELECT  "cats".* FROM "cats" WHERE "cats"."id" = $1 LIMIT $2[0m  [["id", 1], ["LIMIT", 1]]
  ↳ app/controllers/cats_controller.rb:22
  Rendering cats/edit.html.erb within layouts/application
  Rendered cats/edit.html.erb within layouts/application (1.2ms)
Completed 200 OK in 13ms (Views: 11.3ms | ActiveRecord: 0.6ms)


Started GET "/cats/1/edit" for ::1 at 2019-11-22 15:07:46 -0800
Processing by CatsController#edit as HTML
  Parameters: {"id"=>"1"}
  [1m[36mCat Load (0.8ms)[0m  [1m[34mSELECT  "cats".* FROM "cats" WHERE "cats"."id" = $1 LIMIT $2[0m  [["id", 1], ["LIMIT", 1]]
  ↳ app/controllers/cats_controller.rb:22
  Rendering cats/edit.html.erb within layouts/application
  Rendered cats/edit.html.erb within layouts/application (1.0ms)
Completed 200 OK in 17ms (Views: 14.6ms | ActiveRecord: 0.8ms)


Started GET "/cats/1/edit" for ::1 at 2019-11-22 15:08:48 -0800
Processing by CatsController#edit as HTML
  Parameters: {"id"=>"1"}
  [1m[36mCat Load (0.5ms)[0m  [1m[34mSELECT  "cats".* FROM "cats" WHERE "cats"."id" = $1 LIMIT $2[0m  [["id", 1], ["LIMIT", 1]]
  ↳ app/controllers/cats_controller.rb:22
  Rendering cats/edit.html.erb within layouts/application
  Rendered cats/edit.html.erb within layouts/application (1.2ms)
Completed 200 OK in 18ms (Views: 16.3ms | ActiveRecord: 0.5ms)


Started GET "/cats/2/edit" for ::1 at 2019-11-22 15:08:55 -0800
Processing by CatsController#edit as HTML
  Parameters: {"id"=>"2"}
  [1m[36mCat Load (0.8ms)[0m  [1m[34mSELECT  "cats".* FROM "cats" WHERE "cats"."id" = $1 LIMIT $2[0m  [["id", 2], ["LIMIT", 1]]
  ↳ app/controllers/cats_controller.rb:22
  Rendering cats/edit.html.erb within layouts/application
  Rendered cats/edit.html.erb within layouts/application (1.0ms)
Completed 200 OK in 58ms (Views: 55.7ms | ActiveRecord: 0.8ms)


Started GET "/cats/2/edit" for ::1 at 2019-11-22 15:09:15 -0800
Processing by CatsController#edit as HTML
  Parameters: {"id"=>"2"}
  [1m[36mCat Load (0.5ms)[0m  [1m[34mSELECT  "cats".* FROM "cats" WHERE "cats"."id" = $1 LIMIT $2[0m  [["id", 2], ["LIMIT", 1]]
  ↳ app/controllers/cats_controller.rb:22
  Rendering cats/edit.html.erb within layouts/application
  Rendered cats/edit.html.erb within layouts/application (1.4ms)
Completed 200 OK in 15ms (Views: 13.8ms | ActiveRecord: 0.5ms)


Started GET "/cats/2/edit" for ::1 at 2019-11-22 15:09:16 -0800
Processing by CatsController#edit as HTML
  Parameters: {"id"=>"2"}
  [1m[36mCat Load (0.5ms)[0m  [1m[34mSELECT  "cats".* FROM "cats" WHERE "cats"."id" = $1 LIMIT $2[0m  [["id", 2], ["LIMIT", 1]]
  ↳ app/controllers/cats_controller.rb:22
  Rendering cats/edit.html.erb within layouts/application
  Rendered cats/edit.html.erb within layouts/application (1.2ms)
Completed 200 OK in 14ms (Views: 12.4ms | ActiveRecord: 0.5ms)


Started GET "/cats/2/edit" for ::1 at 2019-11-22 15:09:47 -0800
Processing by CatsController#edit as HTML
  Parameters: {"id"=>"2"}
  [1m[36mCat Load (0.4ms)[0m  [1m[34mSELECT  "cats".* FROM "cats" WHERE "cats"."id" = $1 LIMIT $2[0m  [["id", 2], ["LIMIT", 1]]
  ↳ app/controllers/cats_controller.rb:22
  Rendering cats/edit.html.erb within layouts/application
  Rendered cats/edit.html.erb within layouts/application (1.3ms)
Completed 200 OK in 17ms (Views: 15.4ms | ActiveRecord: 0.4ms)


Started GET "/cats/2/edit" for ::1 at 2019-11-22 15:09:50 -0800
Processing by CatsController#edit as HTML
  Parameters: {"id"=>"2"}
  [1m[36mCat Load (0.4ms)[0m  [1m[34mSELECT  "cats".* FROM "cats" WHERE "cats"."id" = $1 LIMIT $2[0m  [["id", 2], ["LIMIT", 1]]
  ↳ app/controllers/cats_controller.rb:22
  Rendering cats/edit.html.erb within layouts/application
  Rendered cats/edit.html.erb within layouts/application (1.4ms)
Completed 200 OK in 16ms (Views: 14.9ms | ActiveRecord: 0.4ms)


Started GET "/cats/2/edit" for ::1 at 2019-11-22 15:10:07 -0800
Processing by CatsController#edit as HTML
  Parameters: {"id"=>"2"}
  [1m[36mCat Load (0.4ms)[0m  [1m[34mSELECT  "cats".* FROM "cats" WHERE "cats"."id" = $1 LIMIT $2[0m  [["id", 2], ["LIMIT", 1]]
  ↳ app/controllers/cats_controller.rb:22
  Rendering cats/edit.html.erb within layouts/application
  Rendered cats/edit.html.erb within layouts/application (1.5ms)
Completed 200 OK in 17ms (Views: 15.3ms | ActiveRecord: 0.4ms)


Started GET "/cats/1/edit" for ::1 at 2019-11-22 15:10:14 -0800
Processing by CatsController#edit as HTML
  Parameters: {"id"=>"1"}
  [1m[36mCat Load (0.8ms)[0m  [1m[34mSELECT  "cats".* FROM "cats" WHERE "cats"."id" = $1 LIMIT $2[0m  [["id", 1], ["LIMIT", 1]]
  ↳ app/controllers/cats_controller.rb:22
  Rendering cats/edit.html.erb within layouts/application
  Rendered cats/edit.html.erb within layouts/application (1.3ms)
Completed 200 OK in 15ms (Views: 12.1ms | ActiveRecord: 0.8ms)


Started GET "/cats/1" for ::1 at 2019-11-22 15:10:29 -0800
Processing by CatsController#show as HTML
  Parameters: {"id"=>"1"}
  [1m[36mCat Load (0.8ms)[0m  [1m[34mSELECT  "cats".* FROM "cats" WHERE "cats"."id" = $1 LIMIT $2[0m  [["id", 1], ["LIMIT", 1]]
  ↳ app/controllers/cats_controller.rb:8
  Rendering cats/show.html.erb within layouts/application
  Rendered cats/show.html.erb within layouts/application (0.7ms)
Completed 200 OK in 16ms (Views: 13.2ms | ActiveRecord: 0.8ms)


Started GET "/cats/1" for ::1 at 2019-11-22 15:11:40 -0800
Processing by CatsController#show as HTML
  Parameters: {"id"=>"1"}
  [1m[36mCat Load (0.5ms)[0m  [1m[34mSELECT  "cats".* FROM "cats" WHERE "cats"."id" = $1 LIMIT $2[0m  [["id", 1], ["LIMIT", 1]]
  ↳ app/controllers/cats_controller.rb:8
  Rendering cats/show.html.erb within layouts/application
  Rendered cats/show.html.erb within layouts/application (0.6ms)
Completed 200 OK in 14ms (Views: 11.8ms | ActiveRecord: 0.5ms)


Started GET "/cats/1/edit" for ::1 at 2019-11-22 15:11:43 -0800
Processing by CatsController#edit as HTML
  Parameters: {"id"=>"1"}
  [1m[36mCat Load (0.8ms)[0m  [1m[34mSELECT  "cats".* FROM "cats" WHERE "cats"."id" = $1 LIMIT $2[0m  [["id", 1], ["LIMIT", 1]]
  ↳ app/controllers/cats_controller.rb:22
  Rendering cats/edit.html.erb within layouts/application
  Rendered cats/edit.html.erb within layouts/application (0.9ms)
Completed 200 OK in 16ms (Views: 13.3ms | ActiveRecord: 0.8ms)


Started GET "/cats/2/edit" for ::1 at 2019-11-22 15:11:49 -0800
Processing by CatsController#edit as HTML
  Parameters: {"id"=>"2"}
  [1m[36mCat Load (0.7ms)[0m  [1m[34mSELECT  "cats".* FROM "cats" WHERE "cats"."id" = $1 LIMIT $2[0m  [["id", 2], ["LIMIT", 1]]
  ↳ app/controllers/cats_controller.rb:22
  Rendering cats/edit.html.erb within layouts/application
  Rendered cats/edit.html.erb within layouts/application (1.5ms)
Completed 200 OK in 19ms (Views: 16.0ms | ActiveRecord: 0.7ms)


Started PATCH "/cats/2" for ::1 at 2019-11-22 15:11:57 -0800

AbstractController::ActionNotFound - The action 'update' could not be found for CatsController:

Started POST "/__better_errors/2314ac1a802b2043/variables" for ::1 at 2019-11-22 15:11:57 -0800
Started PATCH "/cats/1" for ::1 at 2019-11-22 15:12:36 -0800
Processing by CatsController#update as HTML
  Parameters: {"cat"=>{"name"=>"Julius", "birth_date"=>"2019-11-04", "color"=>"black", "sex"=>"M", "description"=>"Very hangry cat! "}, "id"=>"1"}
  [1m[36mCat Load (0.4ms)[0m  [1m[34mSELECT  "cats".* FROM "cats" WHERE "cats"."id" = $1 LIMIT $2[0m  [["id", 1], ["LIMIT", 1]]
  ↳ app/controllers/cats_controller.rb:22
  Rendering cats/edit.html.erb within layouts/application
  Rendered cats/edit.html.erb within layouts/application (2.1ms)
Completed 200 OK in 47ms (Views: 14.3ms | ActiveRecord: 8.3ms)


Started GET "/cats/1/edit" for ::1 at 2019-11-22 15:13:42 -0800
Processing by CatsController#edit as HTML
  Parameters: {"id"=>"1"}
  Rendering cats/edit.html.erb within layouts/application
  Rendered cats/edit.html.erb within layouts/application (3.1ms)
Completed 500 Internal Server Error in 10ms (ActiveRecord: 0.0ms)



ActionController::UrlGenerationError - No route matches {:action=>"show", :controller=>"cats", :id=>nil}, missing required keys: [:id]:
  app/views/cats/edit.html.erb:3:in `_app_views_cats_edit_html_erb__567860382519599414_70294234009740'

Started POST "/__better_errors/887b5187445b83f7/variables" for ::1 at 2019-11-22 15:13:43 -0800
Started GET "/cats/1/edit" for ::1 at 2019-11-22 15:14:29 -0800
Processing by CatsController#edit as HTML
  Parameters: {"id"=>"1"}
  [1m[36mCat Load (0.3ms)[0m  [1m[34mSELECT  "cats".* FROM "cats" WHERE "cats"."id" = $1 LIMIT $2[0m  [["id", 1], ["LIMIT", 1]]
  ↳ app/controllers/cats_controller.rb:22
  [1m[35m (0.6ms)[0m  [1m[35mBEGIN[0m
  ↳ app/controllers/cats_controller.rb:23
  [1m[35m (0.2ms)[0m  [1m[35mCOMMIT[0m
  ↳ app/controllers/cats_controller.rb:23
Redirected to http://localhost:3000/cats/1
Completed 302 Found in 30ms (ActiveRecord: 9.3ms)


Started GET "/cats/1" for ::1 at 2019-11-22 15:14:29 -0800
Processing by CatsController#show as HTML
  Parameters: {"id"=>"1"}
  [1m[36mCat Load (0.6ms)[0m  [1m[34mSELECT  "cats".* FROM "cats" WHERE "cats"."id" = $1 LIMIT $2[0m  [["id", 1], ["LIMIT", 1]]
  ↳ app/controllers/cats_controller.rb:8
  Rendering cats/show.html.erb within layouts/application
  Rendered cats/show.html.erb within layouts/application (0.9ms)
Completed 200 OK in 20ms (Views: 18.2ms | ActiveRecord: 0.6ms)


Started GET "/cats/1/edit" for ::1 at 2019-11-22 15:14:34 -0800
Processing by CatsController#edit as HTML
  Parameters: {"id"=>"1"}
  [1m[36mCat Load (1.8ms)[0m  [1m[34mSELECT  "cats".* FROM "cats" WHERE "cats"."id" = $1 LIMIT $2[0m  [["id", 1], ["LIMIT", 1]]
  ↳ app/controllers/cats_controller.rb:22
  [1m[35m (1.1ms)[0m  [1m[35mBEGIN[0m
  ↳ app/controllers/cats_controller.rb:23
  [1m[35m (0.9ms)[0m  [1m[35mCOMMIT[0m
  ↳ app/controllers/cats_controller.rb:23
Redirected to http://localhost:3000/cats/1
Completed 302 Found in 8ms (ActiveRecord: 3.8ms)


Started GET "/cats/1" for ::1 at 2019-11-22 15:14:35 -0800
Processing by CatsController#show as HTML
  Parameters: {"id"=>"1"}
  [1m[36mCat Load (0.6ms)[0m  [1m[34mSELECT  "cats".* FROM "cats" WHERE "cats"."id" = $1 LIMIT $2[0m  [["id", 1], ["LIMIT", 1]]
  ↳ app/controllers/cats_controller.rb:8
  Rendering cats/show.html.erb within layouts/application
  Rendered cats/show.html.erb within layouts/application (1.1ms)
Completed 200 OK in 18ms (Views: 16.4ms | ActiveRecord: 0.6ms)


Started GET "/cats/1/edit" for ::1 at 2019-11-22 15:14:39 -0800
Processing by CatsController#edit as HTML
  Parameters: {"id"=>"1"}
  [1m[36mCat Load (1.1ms)[0m  [1m[34mSELECT  "cats".* FROM "cats" WHERE "cats"."id" = $1 LIMIT $2[0m  [["id", 1], ["LIMIT", 1]]
  ↳ app/controllers/cats_controller.rb:22
  [1m[35m (2.6ms)[0m  [1m[35mBEGIN[0m
  ↳ app/controllers/cats_controller.rb:23
  [1m[35m (0.5ms)[0m  [1m[35mCOMMIT[0m
  ↳ app/controllers/cats_controller.rb:23
Redirected to http://localhost:3000/cats/1
Completed 302 Found in 7ms (ActiveRecord: 4.2ms)


Started GET "/cats/1" for ::1 at 2019-11-22 15:14:40 -0800
Processing by CatsController#show as HTML
  Parameters: {"id"=>"1"}
  [1m[36mCat Load (0.5ms)[0m  [1m[34mSELECT  "cats".* FROM "cats" WHERE "cats"."id" = $1 LIMIT $2[0m  [["id", 1], ["LIMIT", 1]]
  ↳ app/controllers/cats_controller.rb:8
  Rendering cats/show.html.erb within layouts/application
  Rendered cats/show.html.erb within layouts/application (1.1ms)
Completed 200 OK in 18ms (Views: 15.9ms | ActiveRecord: 0.5ms)


Started GET "/cats/1" for ::1 at 2019-11-22 15:19:24 -0800
Processing by CatsController#show as HTML
  Parameters: {"id"=>"1"}
  [1m[36mCat Load (0.4ms)[0m  [1m[34mSELECT  "cats".* FROM "cats" WHERE "cats"."id" = $1 LIMIT $2[0m  [["id", 1], ["LIMIT", 1]]
  ↳ app/controllers/cats_controller.rb:8
  Rendering cats/show.html.erb within layouts/application
  Rendered cats/show.html.erb within layouts/application (1.9ms)
Completed 200 OK in 47ms (Views: 20.5ms | ActiveRecord: 7.7ms)


Started GET "/cats/1/edit" for ::1 at 2019-11-22 15:19:26 -0800
Processing by CatsController#edit as HTML
  Parameters: {"id"=>"1"}
  [1m[36mCat Load (2.5ms)[0m  [1m[34mSELECT  "cats".* FROM "cats" WHERE "cats"."id" = $1 LIMIT $2[0m  [["id", 1], ["LIMIT", 1]]
  ↳ app/controllers/cats_controller.rb:22
  Rendering cats/edit.html.erb within layouts/application
  Rendered cats/edit.html.erb within layouts/application (1.5ms)
Completed 200 OK in 33ms (Views: 28.4ms | ActiveRecord: 2.5ms)


Started PATCH "/cats/1" for ::1 at 2019-11-22 15:19:39 -0800
Processing by CatsController#update as HTML
  Parameters: {"cat"=>{"name"=>"Julius", "birth_date"=>"2019-11-04", "color"=>"black", "sex"=>"M", "description"=>"Very mean cat!\r\n    "}, "id"=>"1"}
  [1m[36mCat Load (0.7ms)[0m  [1m[34mSELECT  "cats".* FROM "cats" WHERE "cats"."id" = $1 LIMIT $2[0m  [["id", 1], ["LIMIT", 1]]
  ↳ app/controllers/cats_controller.rb:27
Completed 500 Internal Server Error in 5ms (ActiveRecord: 0.7ms)



ArgumentError - wrong number of arguments (given 0, expected 1):
  app/controllers/cats_controller.rb:29:in `update'

Started POST "/__better_errors/993392ec03e89491/variables" for ::1 at 2019-11-22 15:19:39 -0800
Started PATCH "/cats/1" for ::1 at 2019-11-22 15:20:23 -0800
Processing by CatsController#update as HTML
  Parameters: {"cat"=>{"name"=>"Julius", "birth_date"=>"2019-11-04", "color"=>"black", "sex"=>"M", "description"=>"Very mean cat!\r\n    "}, "id"=>"1"}
  [1m[36mCat Load (0.5ms)[0m  [1m[34mSELECT  "cats".* FROM "cats" WHERE "cats"."id" = $1 LIMIT $2[0m  [["id", 1], ["LIMIT", 1]]
  ↳ app/controllers/cats_controller.rb:27
  [1m[35m (0.3ms)[0m  [1m[35mBEGIN[0m
  ↳ app/controllers/cats_controller.rb:29
  [1m[36mCat Update (0.9ms)[0m  [1m[33mUPDATE "cats" SET "description" = $1, "updated_at" = $2 WHERE "cats"."id" = $3[0m  [["description", "Very mean cat!\r\n    "], ["updated_at", "2019-11-22 23:20:23.402249"], ["id", 1]]
  ↳ app/controllers/cats_controller.rb:29
  [1m[35m (0.4ms)[0m  [1m[35mCOMMIT[0m
  ↳ app/controllers/cats_controller.rb:29
Redirected to http://localhost:3000/cats/1
Completed 302 Found in 32ms (ActiveRecord: 10.5ms)


Started GET "/cats/1" for ::1 at 2019-11-22 15:20:23 -0800
Processing by CatsController#show as HTML
  Parameters: {"id"=>"1"}
  [1m[36mCat Load (0.4ms)[0m  [1m[34mSELECT  "cats".* FROM "cats" WHERE "cats"."id" = $1 LIMIT $2[0m  [["id", 1], ["LIMIT", 1]]
  ↳ app/controllers/cats_controller.rb:8
  Rendering cats/show.html.erb within layouts/application
  Rendered cats/show.html.erb within layouts/application (0.8ms)
Completed 200 OK in 13ms (Views: 11.0ms | ActiveRecord: 0.4ms)


Started GET "/cats/2/edit" for ::1 at 2019-11-22 15:20:42 -0800
Processing by CatsController#edit as HTML
  Parameters: {"id"=>"2"}
  [1m[36mCat Load (0.8ms)[0m  [1m[34mSELECT  "cats".* FROM "cats" WHERE "cats"."id" = $1 LIMIT $2[0m  [["id", 2], ["LIMIT", 1]]
  ↳ app/controllers/cats_controller.rb:22
  Rendering cats/edit.html.erb within layouts/application
  Rendered cats/edit.html.erb within layouts/application (1.4ms)
Completed 200 OK in 52ms (Views: 14.0ms | ActiveRecord: 14.6ms)


Started PATCH "/cats/2" for ::1 at 2019-11-22 15:20:58 -0800
Processing by CatsController#update as HTML
  Parameters: {"cat"=>{"name"=>"Anne", "birth_date"=>"1900-12-25", "color"=>"white", "sex"=>"F", "description"=>"Young but old at heart!\r\n    "}, "id"=>"2"}
  [1m[36mCat Load (0.5ms)[0m  [1m[34mSELECT  "cats".* FROM "cats" WHERE "cats"."id" = $1 LIMIT $2[0m  [["id", 2], ["LIMIT", 1]]
  ↳ app/controllers/cats_controller.rb:27
  [1m[35m (0.2ms)[0m  [1m[35mBEGIN[0m
  ↳ app/controllers/cats_controller.rb:29
  [1m[36mCat Update (0.9ms)[0m  [1m[33mUPDATE "cats" SET "description" = $1, "updated_at" = $2 WHERE "cats"."id" = $3[0m  [["description", "Young but old at heart!\r\n    "], ["updated_at", "2019-11-22 23:20:58.941982"], ["id", 2]]
  ↳ app/controllers/cats_controller.rb:29
  [1m[35m (2.2ms)[0m  [1m[35mCOMMIT[0m
  ↳ app/controllers/cats_controller.rb:29
Redirected to http://localhost:3000/cats/2
Completed 302 Found in 10ms (ActiveRecord: 3.8ms)


Started GET "/cats/2" for ::1 at 2019-11-22 15:20:58 -0800
Processing by CatsController#show as HTML
  Parameters: {"id"=>"2"}
  [1m[36mCat Load (0.5ms)[0m  [1m[34mSELECT  "cats".* FROM "cats" WHERE "cats"."id" = $1 LIMIT $2[0m  [["id", 2], ["LIMIT", 1]]
  ↳ app/controllers/cats_controller.rb:8
  Rendering cats/show.html.erb within layouts/application
  Rendered cats/show.html.erb within layouts/application (0.7ms)
Completed 200 OK in 23ms (Views: 20.7ms | ActiveRecord: 0.5ms)


Started GET "/cats/new" for ::1 at 2019-11-22 15:36:59 -0800
Processing by CatsController#new as HTML
  Rendering cats/new.html.erb within layouts/application
  Rendered cats/_form.html.erb (407.6ms)
  Rendered cats/new.html.erb within layouts/application (412.6ms)
Completed 500 Internal Server Error in 421ms (ActiveRecord: 0.0ms)



NameError - undefined local variable or method `type' for #<#<Class:0x00007fdd4d9c5298>:0x00007fdd4d995958>:
  app/views/cats/_form.html.erb:1:in `_app_views_cats__form_html_erb__1880347641185186736_70294222946720'
  app/views/cats/new.html.erb:3:in `_app_views_cats_new_html_erb__1727213147190634730_70294246588480'

Started POST "/__better_errors/4f1bfa70b3f37fdb/variables" for ::1 at 2019-11-22 15:37:00 -0800
Started GET "/cats/new" for ::1 at 2019-11-22 15:38:21 -0800
Processing by CatsController#new as HTML
  Rendering cats/new.html.erb within layouts/application
  Rendered cats/_form.html.erb (518.4ms)
  Rendered cats/new.html.erb within layouts/application (522.2ms)
Completed 500 Internal Server Error in 531ms (ActiveRecord: 0.0ms)



NameError - undefined local variable or method `action' for #<#<Class:0x00007fdd4d9c5298>:0x00007fdd51a39ab8>
Did you mean?  action_url:
  app/views/cats/_form.html.erb:1:in `_app_views_cats__form_html_erb__1880347641185186736_70294267219100'
  app/views/cats/new.html.erb:3:in `_app_views_cats_new_html_erb__1727213147190634730_70294267091340'

Started POST "/__better_errors/eb091b3b90c29d36/variables" for ::1 at 2019-11-22 15:38:22 -0800
Started GET "/cats/new" for ::1 at 2019-11-22 15:40:42 -0800
Processing by CatsController#new as HTML
  Rendering cats/new.html.erb within layouts/application
  Rendered cats/new.html.erb within layouts/application (4.4ms)
Completed 500 Internal Server Error in 14ms (ActiveRecord: 0.0ms)



ArgumentError - wrong number of arguments (given 3, expected 0..2):
  app/views/cats/new.html.erb:3:in `_app_views_cats_new_html_erb__1727213147190634730_70294225711140'

Started POST "/__better_errors/c2342b96150ee7f4/variables" for ::1 at 2019-11-22 15:40:42 -0800
Started GET "/cats/new" for ::1 at 2019-11-22 15:41:12 -0800
Processing by CatsController#new as HTML
  Rendering cats/new.html.erb within layouts/application
  Rendered cats/_form.html.erb (3.9ms)
  Rendered cats/new.html.erb within layouts/application (6.9ms)
Completed 500 Internal Server Error in 15ms (ActiveRecord: 0.0ms)



NoMethodError - undefined method `name' for nil:NilClass:
  app/views/cats/_form.html.erb:11:in `_app_views_cats__form_html_erb__1880347641185186736_70294267684620'
  app/views/cats/new.html.erb:3:in `_app_views_cats_new_html_erb__1727213147190634730_70294267706820'

Started POST "/__better_errors/a82cb75aa276f46f/variables" for ::1 at 2019-11-22 15:41:12 -0800
Started GET "/cats/new" for ::1 at 2019-11-22 16:04:16 -0800
Processing by CatsController#new as HTML
  Rendering cats/new.html.erb within layouts/application
  Rendered cats/_form.html.erb (6.4ms)
  Rendered cats/new.html.erb within layouts/application (9.9ms)
Completed 500 Internal Server Error in 18ms (ActiveRecord: 0.0ms)



NoMethodError - undefined method `name' for nil:NilClass:
  app/views/cats/_form.html.erb:11:in `_app_views_cats__form_html_erb__1880347641185186736_70294263635700'
  app/views/cats/new.html.erb:3:in `_app_views_cats_new_html_erb__1727213147190634730_70294267615720'

Started POST "/__better_errors/bc499b42b8622122/variables" for ::1 at 2019-11-22 16:04:16 -0800
Started GET "/cats/new" for ::1 at 2019-11-22 16:04:17 -0800
Processing by CatsController#new as HTML
  Rendering cats/new.html.erb within layouts/application
  Rendered cats/_form.html.erb (6.3ms)
  Rendered cats/new.html.erb within layouts/application (10.2ms)
Completed 500 Internal Server Error in 21ms (ActiveRecord: 0.0ms)



NoMethodError - undefined method `name' for nil:NilClass:
  app/views/cats/_form.html.erb:11:in `_app_views_cats__form_html_erb__1880347641185186736_70294268478140'
  app/views/cats/new.html.erb:3:in `_app_views_cats_new_html_erb__1727213147190634730_70294268500280'

Started POST "/__better_errors/d5471d3278b7582f/variables" for ::1 at 2019-11-22 16:04:17 -0800
  [1m[36mCat Load (1.4ms)[0m  [1m[34mSELECT "cats".* FROM "cats"[0m
Started GET "/cats/1/edit" for ::1 at 2019-11-22 16:09:09 -0800
Processing by CatsController#edit as HTML
  Parameters: {"id"=>"1"}
  [1m[36mCat Load (1.0ms)[0m  [1m[34mSELECT  "cats".* FROM "cats" WHERE "cats"."id" = $1 LIMIT $2[0m  [["id", 1], ["LIMIT", 1]]
  ↳ app/controllers/cats_controller.rb:22
  Rendering cats/edit.html.erb within layouts/application
  Rendered cats/_form.html.erb (2.0ms)
  Rendered cats/edit.html.erb within layouts/application (5.5ms)
Completed 200 OK in 95ms (Views: 25.0ms | ActiveRecord: 20.7ms)


Started GET "/cats/new" for ::1 at 2019-11-22 16:09:23 -0800
Processing by CatsController#new as HTML
  Rendering cats/new.html.erb within layouts/application
  Rendered cats/_form.html.erb (8.2ms)
  Rendered cats/new.html.erb within layouts/application (11.4ms)
Completed 500 Internal Server Error in 20ms (ActiveRecord: 0.0ms)



NoMethodError - undefined method `name' for nil:NilClass:
  app/views/cats/_form.html.erb:11:in `_app_views_cats__form_html_erb__1880347641185186736_70294263263220'
  app/views/cats/new.html.erb:3:in `_app_views_cats_new_html_erb__1727213147190634730_70294262384940'

Started POST "/__better_errors/58a318b46448c9be/variables" for ::1 at 2019-11-22 16:09:23 -0800
Started GET "/cats/new" for ::1 at 2019-11-22 16:12:04 -0800
Processing by CatsController#new as HTML
  Rendering cats/new.html.erb within layouts/application
  Rendered cats/_form.html.erb (1.0ms)
  Rendered cats/new.html.erb within layouts/application (4.0ms)
Completed 200 OK in 50ms (Views: 18.6ms | ActiveRecord: 11.9ms)


Started GET "/cats/new" for ::1 at 2019-11-22 16:13:32 -0800
Processing by CatsController#new as HTML
  Rendering cats/new.html.erb within layouts/application
  Rendered cats/_form.html.erb (6.2ms)
  Rendered cats/new.html.erb within layouts/application (9.3ms)
Completed 500 Internal Server Error in 20ms (ActiveRecord: 0.0ms)



NoMethodError - undefined method `name' for nil:NilClass:
  app/views/cats/_form.html.erb:11:in `_app_views_cats__form_html_erb__1880347641185186736_70294225930720'
  app/views/cats/new.html.erb:3:in `_app_views_cats_new_html_erb__1727213147190634730_70294233486600'

Started POST "/__better_errors/7a76fb85cdf1e771/variables" for ::1 at 2019-11-22 16:13:32 -0800
Started GET "/cats/new" for ::1 at 2019-11-22 16:13:32 -0800
Processing by CatsController#new as HTML
  Rendering cats/new.html.erb within layouts/application
  Rendered cats/_form.html.erb (6.7ms)
  Rendered cats/new.html.erb within layouts/application (9.4ms)
Completed 500 Internal Server Error in 16ms (ActiveRecord: 0.0ms)



NoMethodError - undefined method `name' for nil:NilClass:
  app/views/cats/_form.html.erb:11:in `_app_views_cats__form_html_erb__1880347641185186736_70294226279200'
  app/views/cats/new.html.erb:3:in `_app_views_cats_new_html_erb__1727213147190634730_70294233945440'

Started POST "/__better_errors/61925f0219eaefe6/variables" for ::1 at 2019-11-22 16:13:32 -0800
Started GET "/cats/new" for ::1 at 2019-11-22 16:14:57 -0800
Processing by CatsController#new as HTML
  Rendering cats/new.html.erb within layouts/application
  Rendered cats/_form.html.erb (1.2ms)
  Rendered cats/new.html.erb within layouts/application (3.1ms)
Completed 200 OK in 46ms (Views: 13.9ms | ActiveRecord: 7.8ms)


Started GET "/cats/1/edit" for ::1 at 2019-11-22 16:15:11 -0800
Processing by CatsController#edit as HTML
  Parameters: {"id"=>"1"}
  [1m[36mCat Load (2.4ms)[0m  [1m[34mSELECT  "cats".* FROM "cats" WHERE "cats"."id" = $1 LIMIT $2[0m  [["id", 1], ["LIMIT", 1]]
  ↳ app/controllers/cats_controller.rb:22
  Rendering cats/edit.html.erb within layouts/application
  Rendered cats/_form.html.erb (2.0ms)
  Rendered cats/edit.html.erb within layouts/application (5.2ms)
Completed 200 OK in 26ms (Views: 20.9ms | ActiveRecord: 2.4ms)


  [1m[35m (0.3ms)[0m  [1m[34mSELECT pg_try_advisory_lock(7771180447674950880)[0m
  ↳ bin/rails:9
  [1m[35m (1.1ms)[0m  [1m[34mSELECT "schema_migrations"."version" FROM "schema_migrations" ORDER BY "schema_migrations"."version" ASC[0m
  ↳ bin/rails:9
Migrating to CreateCatRentalRequests (20191123001831)
  [1m[35m (0.2ms)[0m  [1m[35mBEGIN[0m
  ↳ bin/rails:9
  [1m[35m (8.8ms)[0m  [1m[35mCREATE TABLE "cat_rental_requests" ("id" bigserial primary key, "cat_id" integer NOT NULL, "start_date" date NOT NULL, "end_date" date NOT NULL, "status" character varying NOT NULL, "created_at" timestamp NOT NULL, "updated_at" timestamp NOT NULL)[0m
  ↳ db/migrate/20191123001831_create_cat_rental_requests.rb:3
  [1m[35m (1.3ms)[0m  [1m[35mCREATE  INDEX  "index_cat_rental_requests_on_cat_id" ON "cat_rental_requests"  ("cat_id")[0m
  ↳ db/migrate/20191123001831_create_cat_rental_requests.rb:11
  [1m[36mActiveRecord::SchemaMigration Create (0.6ms)[0m  [1m[32mINSERT INTO "schema_migrations" ("version") VALUES ($1) RETURNING "version"[0m  [["version", "20191123001831"]]
  ↳ bin/rails:9
  [1m[35m (0.8ms)[0m  [1m[35mCOMMIT[0m
  ↳ bin/rails:9
  [1m[36mActiveRecord::InternalMetadata Load (0.6ms)[0m  [1m[34mSELECT  "ar_internal_metadata".* FROM "ar_internal_metadata" WHERE "ar_internal_metadata"."key" = $1 LIMIT $2[0m  [["key", "environment"], ["LIMIT", 1]]
  ↳ bin/rails:9
  [1m[35m (0.2ms)[0m  [1m[35mBEGIN[0m
  ↳ bin/rails:9
  [1m[35m (0.1ms)[0m  [1m[35mCOMMIT[0m
  ↳ bin/rails:9
  [1m[35m (0.3ms)[0m  [1m[34mSELECT pg_advisory_unlock(7771180447674950880)[0m
  ↳ bin/rails:9
  [1m[35m (0.3ms)[0m  [1m[34mSELECT "schema_migrations"."version" FROM "schema_migrations" ORDER BY "schema_migrations"."version" ASC[0m
  ↳ bin/rails:9
  [1m[35m (0.3ms)[0m  [1m[34mSELECT pg_try_advisory_lock(7771180447674950880)[0m
  ↳ bin/rails:9
  [1m[35m (1.1ms)[0m  [1m[34mSELECT "schema_migrations"."version" FROM "schema_migrations" ORDER BY "schema_migrations"."version" ASC[0m
  ↳ bin/rails:9
Migrating to SetDefaultToPendingForStatus (20191123002510)
  [1m[35m (0.2ms)[0m  [1m[35mBEGIN[0m
  ↳ bin/rails:9
  [1m[35m (0.2ms)[0m  [1m[31mROLLBACK[0m
  ↳ bin/rails:9
  [1m[35m (0.4ms)[0m  [1m[34mSELECT pg_advisory_unlock(7771180447674950880)[0m
  ↳ bin/rails:9
  [1m[35m (0.3ms)[0m  [1m[34mSELECT pg_try_advisory_lock(7771180447674950880)[0m
  ↳ bin/rails:9
  [1m[35m (1.0ms)[0m  [1m[34mSELECT "schema_migrations"."version" FROM "schema_migrations" ORDER BY "schema_migrations"."version" ASC[0m
  ↳ bin/rails:9
Migrating to SetDefaultToPendingForStatus (20191123002510)
  [1m[35m (0.2ms)[0m  [1m[35mBEGIN[0m
  ↳ bin/rails:9
  [1m[35m (4.3ms)[0m  [1m[35mALTER TABLE "cat_rental_requests" DROP COLUMN "status"[0m
  ↳ db/migrate/20191123002510_set_default_to_pending_for_status.rb:3
  [1m[35m (8.3ms)[0m  [1m[35mALTER TABLE "cat_rental_requests" ADD "status" character varying DEFAULT 'PENDING'[0m
  ↳ db/migrate/20191123002510_set_default_to_pending_for_status.rb:4
  [1m[36mActiveRecord::SchemaMigration Create (0.7ms)[0m  [1m[32mINSERT INTO "schema_migrations" ("version") VALUES ($1) RETURNING "version"[0m  [["version", "20191123002510"]]
  ↳ bin/rails:9
  [1m[35m (2.2ms)[0m  [1m[35mCOMMIT[0m
  ↳ bin/rails:9
  [1m[36mActiveRecord::InternalMetadata Load (0.8ms)[0m  [1m[34mSELECT  "ar_internal_metadata".* FROM "ar_internal_metadata" WHERE "ar_internal_metadata"."key" = $1 LIMIT $2[0m  [["key", "environment"], ["LIMIT", 1]]
  ↳ bin/rails:9
  [1m[35m (0.3ms)[0m  [1m[35mBEGIN[0m
  ↳ bin/rails:9
  [1m[35m (0.3ms)[0m  [1m[35mCOMMIT[0m
  ↳ bin/rails:9
  [1m[35m (0.4ms)[0m  [1m[34mSELECT pg_advisory_unlock(7771180447674950880)[0m
  ↳ bin/rails:9
  [1m[35m (0.5ms)[0m  [1m[34mSELECT "schema_migrations"."version" FROM "schema_migrations" ORDER BY "schema_migrations"."version" ASC[0m
  ↳ bin/rails:9
Started GET "/cats/1/edit" for ::1 at 2019-11-22 16:32:09 -0800
  [1m[35m (1.3ms)[0m  [1m[34mSELECT "schema_migrations"."version" FROM "schema_migrations" ORDER BY "schema_migrations"."version" ASC[0m
  ↳ /Users/appacademy/.rbenv/versions/2.5.1/lib/ruby/gems/2.5.0/gems/activerecord-5.2.3/lib/active_record/log_subscriber.rb:98
Processing by CatsController#edit as HTML
  Parameters: {"id"=>"1"}
  [1m[36mCat Load (1.1ms)[0m  [1m[34mSELECT  "cats".* FROM "cats" WHERE "cats"."id" = $1 LIMIT $2[0m  [["id", 1], ["LIMIT", 1]]
  ↳ app/controllers/cats_controller.rb:22
  Rendering cats/edit.html.erb within layouts/application
  Rendered cats/_form.html.erb (1.9ms)
  Rendered cats/edit.html.erb within layouts/application (4.9ms)
Completed 200 OK in 85ms (Views: 25.3ms | ActiveRecord: 18.2ms)


